# JRE version: Java(TM) SE Runtime Environment (8.0_144-b01) (build 1.8.0_144-b01)
# Java VM: Java HotSpot(TM) 64-Bit Server VM (25.144-b01 mixed mode windows-amd64 compressed oops)
Heap:
 PSYoungGen      total 338432K, used 44216K [0x000000076ab80000, 0x0000000781680000, 0x00000007c0000000)
  eden space 324608K, 9% used [0x000000076ab80000,0x000000076ca1a310,0x000000077e880000)
  from space 13824K, 93% used [0x000000077f700000,0x0000000780393ed8,0x0000000780480000)
  to   space 14848K, 0% used [0x000000077e880000,0x000000077e880000,0x000000077f700000)
 ParOldGen       total 136192K, used 19921K [0x00000006c0200000, 0x00000006c8700000, 0x000000076ab80000)
  object space 136192K, 14% used [0x00000006c0200000,0x00000006c15744b0,0x00000006c8700000)
 Metaspace       used 45087K, capacity 46723K, committed 46848K, reserved 1089536K
  class space    used 6033K, capacity 6369K, committed 6400K, reserved 1048576K
GC Heap History (10 events):
Event: 5.439 GC heap before
{Heap before GC invocations=6 (full 1):
 PSYoungGen      total 141824K, used 131072K [0x000000076ab80000, 0x0000000774080000, 0x00000007c0000000)
  eden space 131072K, 100% used [0x000000076ab80000,0x0000000772b80000,0x0000000772b80000)
  from space 10752K, 0% used [0x0000000773600000,0x0000000773600000,0x0000000774080000)
  to   space 10752K, 0% used [0x0000000772b80000,0x0000000772b80000,0x0000000773600000)
 ParOldGen       total 96256K, used 6786K [0x00000006c0200000, 0x00000006c6000000, 0x000000076ab80000)
  object space 96256K, 7% used [0x00000006c0200000,0x00000006c08a09f8,0x00000006c6000000)
 Metaspace       used 31168K, capacity 32600K, committed 32768K, reserved 1077248K
  class space    used 4069K, capacity 4334K, committed 4352K, reserved 1048576K
Event: 5.460 GC heap after
Heap after GC invocations=6 (full 1):
 PSYoungGen      total 141824K, used 9918K [0x000000076ab80000, 0x0000000778d00000, 0x00000007c0000000)
  eden space 131072K, 0% used [0x000000076ab80000,0x000000076ab80000,0x0000000772b80000)
  from space 10752K, 92% used [0x0000000772b80000,0x000000077352fac8,0x0000000773600000)
  to   space 9728K, 0% used [0x0000000778380000,0x0000000778380000,0x0000000778d00000)
 ParOldGen       total 96256K, used 6794K [0x00000006c0200000, 0x00000006c6000000, 0x000000076ab80000)
  object space 96256K, 7% used [0x00000006c0200000,0x00000006c08a29f8,0x00000006c6000000)
 Metaspace       used 31168K, capacity 32600K, committed 32768K, reserved 1077248K
  class space    used 4069K, capacity 4334K, committed 4352K, reserved 1048576K
}
Event: 11.282 GC heap before
{Heap before GC invocations=7 (full 1):
 PSYoungGen      total 141824K, used 44855K [0x000000076ab80000, 0x0000000778d00000, 0x00000007c0000000)
  eden space 131072K, 26% used [0x000000076ab80000,0x000000076cd9e190,0x0000000772b80000)
  from space 10752K, 92% used [0x0000000772b80000,0x000000077352fac8,0x0000000773600000)
  to   space 9728K, 0% used [0x0000000778380000,0x0000000778380000,0x0000000778d00000)
 ParOldGen       total 96256K, used 6794K [0x00000006c0200000, 0x00000006c6000000, 0x000000076ab80000)
  object space 96256K, 7% used [0x00000006c0200000,0x00000006c08a29f8,0x00000006c6000000)
 Metaspace       used 33840K, capacity 35276K, committed 35456K, reserved 1079296K
  class space    used 4398K, capacity 4690K, committed 4736K, reserved 1048576K
Event: 11.299 GC heap after
Heap after GC invocations=7 (full 1):
 PSYoungGen      total 210944K, used 7286K [0x000000076ab80000, 0x0000000778b00000, 0x00000007c0000000)
  eden space 203264K, 0% used [0x000000076ab80000,0x000000076ab80000,0x0000000777200000)
  from space 7680K, 94% used [0x0000000778380000,0x0000000778a9d808,0x0000000778b00000)
  to   space 9216K, 0% used [0x0000000777900000,0x0000000777900000,0x0000000778200000)
 ParOldGen       total 96256K, used 6802K [0x00000006c0200000, 0x00000006c6000000, 0x000000076ab80000)
  object space 96256K, 7% used [0x00000006c0200000,0x00000006c08a49f8,0x00000006c6000000)
 Metaspace       used 33840K, capacity 35276K, committed 35456K, reserved 1079296K
  class space    used 4398K, capacity 4690K, committed 4736K, reserved 1048576K
}
Event: 11.299 GC heap before
{Heap before GC invocations=8 (full 2):
 PSYoungGen      total 210944K, used 7286K [0x000000076ab80000, 0x0000000778b00000, 0x00000007c0000000)
  eden space 203264K, 0% used [0x000000076ab80000,0x000000076ab80000,0x0000000777200000)
  from space 7680K, 94% used [0x0000000778380000,0x0000000778a9d808,0x0000000778b00000)
  to   space 9216K, 0% used [0x0000000777900000,0x0000000777900000,0x0000000778200000)
 ParOldGen       total 96256K, used 6802K [0x00000006c0200000, 0x00000006c6000000, 0x000000076ab80000)
  object space 96256K, 7% used [0x00000006c0200000,0x00000006c08a49f8,0x00000006c6000000)
 Metaspace       used 33840K, capacity 35276K, committed 35456K, reserved 1079296K
  class space    used 4398K, capacity 4690K, committed 4736K, reserved 1048576K
Event: 11.356 GC heap after
Heap after GC invocations=8 (full 2):
 PSYoungGen      total 210944K, used 0K [0x000000076ab80000, 0x0000000778b00000, 0x00000007c0000000)
  eden space 203264K, 0% used [0x000000076ab80000,0x000000076ab80000,0x0000000777200000)
  from space 7680K, 0% used [0x0000000778380000,0x0000000778380000,0x0000000778b00000)
  to   space 9216K, 0% used [0x0000000777900000,0x0000000777900000,0x0000000778200000)
 ParOldGen       total 136192K, used 12502K [0x00000006c0200000, 0x00000006c8700000, 0x000000076ab80000)
  object space 136192K, 9% used [0x00000006c0200000,0x00000006c0e35888,0x00000006c8700000)
 Metaspace       used 33840K, capacity 35276K, committed 35456K, reserved 1079296K
  class space    used 4398K, capacity 4690K, committed 4736K, reserved 1048576K
}
Event: 14.723 GC heap before
{Heap before GC invocations=9 (full 2):
 PSYoungGen      total 210944K, used 203264K [0x000000076ab80000, 0x0000000778b00000, 0x00000007c0000000)
  eden space 203264K, 100% used [0x000000076ab80000,0x0000000777200000,0x0000000777200000)
  from space 7680K, 0% used [0x0000000778380000,0x0000000778380000,0x0000000778b00000)
  to   space 9216K, 0% used [0x0000000777900000,0x0000000777900000,0x0000000778200000)
 ParOldGen       total 136192K, used 12502K [0x00000006c0200000, 0x00000006c8700000, 0x000000076ab80000)
  object space 136192K, 9% used [0x00000006c0200000,0x00000006c0e35888,0x00000006c8700000)
 Metaspace       used 44157K, capacity 45859K, committed 46080K, reserved 1089536K
  class space    used 5939K, capacity 6273K, committed 6400K, reserved 1048576K
Event: 14.767 GC heap after
Heap after GC invocations=9 (full 2):
 PSYoungGen      total 219648K, used 9199K [0x000000076ab80000, 0x0000000780480000, 0x00000007c0000000)
  eden space 210432K, 0% used [0x000000076ab80000,0x000000076ab80000,0x0000000777900000)
  from space 9216K, 99% used [0x0000000777900000,0x00000007781fbed8,0x0000000778200000)
  to   space 13824K, 0% used [0x000000077f700000,0x000000077f700000,0x0000000780480000)
 ParOldGen       total 136192K, used 19921K [0x00000006c0200000, 0x00000006c8700000, 0x000000076ab80000)
  object space 136192K, 14% used [0x00000006c0200000,0x00000006c15744b0,0x00000006c8700000)
 Metaspace       used 44157K, capacity 45859K, committed 46080K, reserved 1089536K
  class space    used 5939K, capacity 6273K, committed 6400K, reserved 1048576K
}
Event: 15.834 GC heap before
{Heap before GC invocations=10 (full 2):
 PSYoungGen      total 219648K, used 219631K [0x000000076ab80000, 0x0000000780480000, 0x00000007c0000000)
  eden space 210432K, 100% used [0x000000076ab80000,0x0000000777900000,0x0000000777900000)
  from space 9216K, 99% used [0x0000000777900000,0x00000007781fbed8,0x0000000778200000)
  to   space 13824K, 0% used [0x000000077f700000,0x000000077f700000,0x0000000780480000)
 ParOldGen       total 136192K, used 19921K [0x00000006c0200000, 0x00000006c8700000, 0x000000076ab80000)
  object space 136192K, 14% used [0x00000006c0200000,0x00000006c15744b0,0x00000006c8700000)
 Metaspace       used 44224K, capacity 45859K, committed 46080K, reserved 1089536K
  class space    used 5940K, capacity 6273K, committed 6400K, reserved 1048576K
Event: 15.860 GC heap after
Heap after GC invocations=10 (full 2):
 PSYoungGen      total 338432K, used 12879K [0x000000076ab80000, 0x0000000781680000, 0x00000007c0000000)
  eden space 324608K, 0% used [0x000000076ab80000,0x000000076ab80000,0x000000077e880000)
  from space 13824K, 93% used [0x000000077f700000,0x0000000780393ed8,0x0000000780480000)
  to   space 14848K, 0% used [0x000000077e880000,0x000000077e880000,0x000000077f700000)
 ParOldGen       total 136192K, used 19921K [0x00000006c0200000, 0x00000006c8700000, 0x000000076ab80000)
  object space 136192K, 14% used [0x00000006c0200000,0x00000006c15744b0,0x00000006c8700000)
 Metaspace       used 44224K, capacity 45859K, committed 46080K, reserved 1089536K
  class space    used 5940K, capacity 6273K, committed 6400K, reserved 1048576K
}

